0 info it worked if it ends with ok
1 verbose cli [ '/usr/bin/node', '/usr/bin/npm', 'run', 'build:prod' ]
2 info using npm@3.5.2
3 info using node@v8.10.0
4 verbose run-script [ 'prebuild:prod', 'build:prod', 'postbuild:prod' ]
5 info lifecycle babybook@~prebuild:prod: babybook@
6 silly lifecycle babybook@~prebuild:prod: no script for prebuild:prod, continuing
7 info lifecycle babybook@~build:prod: babybook@
8 verbose lifecycle babybook@~build:prod: unsafe-perm in lifecycle true
9 verbose lifecycle babybook@~build:prod: PATH: /usr/share/npm/bin/node-gyp-bin:/home/geraldine/Le-journal-de-bebe/node_modules/.bin:/usr/local/sbin:/usr/local/bin:/usr/sbin:/usr/bin:/sbin:/bin:/usr/games:/usr/local/games
10 verbose lifecycle babybook@~build:prod: CWD: /home/geraldine/Le-journal-de-bebe
11 silly lifecycle babybook@~build:prod: Args: [ '-c', 'NODE_ENV=production webpack --mode production' ]
12 silly lifecycle babybook@~build:prod: Returned: code: 2  signal: null
13 info lifecycle babybook@~build:prod: Failed to exec build:prod script
14 verbose stack Error: babybook@ build:prod: `NODE_ENV=production webpack --mode production`
14 verbose stack Exit status 2
14 verbose stack     at EventEmitter.<anonymous> (/usr/share/npm/lib/utils/lifecycle.js:232:16)
14 verbose stack     at emitTwo (events.js:126:13)
14 verbose stack     at EventEmitter.emit (events.js:214:7)
14 verbose stack     at ChildProcess.<anonymous> (/usr/share/npm/lib/utils/spawn.js:24:14)
14 verbose stack     at emitTwo (events.js:126:13)
14 verbose stack     at ChildProcess.emit (events.js:214:7)
14 verbose stack     at maybeClose (internal/child_process.js:925:16)
14 verbose stack     at Process.ChildProcess._handle.onexit (internal/child_process.js:209:5)
15 verbose pkgid babybook@
16 verbose cwd /home/geraldine/Le-journal-de-bebe
17 error Linux 4.15.0-22-generic
18 error argv "/usr/bin/node" "/usr/bin/npm" "run" "build:prod"
19 error node v8.10.0
20 error npm  v3.5.2
21 error code ELIFECYCLE
22 error babybook@ build:prod: `NODE_ENV=production webpack --mode production`
22 error Exit status 2
23 error Failed at the babybook@ build:prod script 'NODE_ENV=production webpack --mode production'.
23 error Make sure you have the latest version of node.js and npm installed.
23 error If you do, this is most likely a problem with the babybook package,
23 error not with npm itself.
23 error Tell the author that this fails on your system:
23 error     NODE_ENV=production webpack --mode production
23 error You can get information on how to open an issue for this project with:
23 error     npm bugs babybook
23 error Or if that isn't available, you can get their info via:
23 error     npm owner ls babybook
23 error There is likely additional logging output above.
24 verbose exit [ 1, true ]
